<?xml version="1.0" encoding="UTF-8"?>
<!-- Generated by org.testng.reporters.JUnitReportReporter -->
<testsuite skipped="0" hostname="TrainingCell-5" name="com.dias.steps.Signup" tests="1" failures="0" timestamp="2020-01-27T16:06:22 IST" time="3.334" errors="0">
  <testcase name="logintest" time="3.334" classname="com.dias.steps.Signup"/>
</testsuite> <!-- com.dias.steps.Signup -->
